<?xml version="1.0" encoding="UTF-8" standalone="yes"?><!DOCTYPE report PUBLIC "-//JACOCO//DTD Report 1.1//EN" "report.dtd"><report name="SonarCloudDemo"><sessioninfo id="adarsh12345-PC-3abaab84" start="1594807367391" dump="1594807367949"/><sessioninfo id="adarsh12345-PC-ec98b811" start="1594808029866" dump="1594808030473"/><sessioninfo id="adarsh12345-PC-16dc353e" start="1594886900914" dump="1594886901686"/><sessioninfo id="adarsh12345-PC-69bf6ba1" start="1594892470989" dump="1594892471666"/><sessioninfo id="adarsh12345-PC-7dd9e1bb" start="1594892574720" dump="1594892575286"/><sessioninfo id="adarsh12345-PC-2e3ade23" start="1594892814414" dump="1594892814906"/><sessioninfo id="adarsh12345-PC-f8ee81a9" start="1594892961917" dump="1594892962440"/><sessioninfo id="adarsh12345-PC-5633c867" start="1594893394407" dump="1594893394912"/><sessioninfo id="adarsh12345-PC-e47f649f" start="1594893401783" dump="1594893402270"/><sessioninfo id="adarsh12345-PC-33601f54" start="1594893602282" dump="1594893602993"/><sessioninfo id="adarsh12345-PC-6ded910f" start="1594893609068" dump="1594893609661"/><sessioninfo id="adarsh12345-PC-e90a201c" start="1594895018177" dump="1594895018781"/><sessioninfo id="adarsh12345-PC-680c0294" start="1594895025376" dump="1594895025991"/><sessioninfo id="adarsh12345-PC-c1382036" start="1594895897207" dump="1594895897791"/><sessioninfo id="adarsh12345-PC-903419c0" start="1594895904056" dump="1594895904686"/><sessioninfo id="adarsh12345-PC-154d056d" start="1594962997023" dump="1594962997602"/><sessioninfo id="adarsh12345-PC-32491783" start="1594963004591" dump="1594963005103"/><sessioninfo id="adarsh12345-PC-5107028a" start="1594963453096" dump="1594963453556"/><sessioninfo id="adarsh12345-PC-f2b3b632" start="1594963459175" dump="1594963459650"/><sessioninfo id="adarsh12345-PC-6bcd6451" start="1594964175440" dump="1594964175928"/><sessioninfo id="adarsh12345-PC-ff086f7f" start="1594964182361" dump="1594964183045"/><sessioninfo id="adarsh12345-PC-d72f305d" start="1594964271066" dump="1594964271571"/><sessioninfo id="adarsh12345-PC-16b45cab" start="1594964277902" dump="1594964278386"/><sessioninfo id="adarsh12345-PC-aa873378" start="1594964417841" dump="1594964418424"/><sessioninfo id="adarsh12345-PC-d867d5cd" start="1594964424565" dump="1594964425044"/><sessioninfo id="adarsh12345-PC-bc930d99" start="1594964614410" dump="1594964614935"/><sessioninfo id="adarsh12345-PC-32ebc587" start="1594964621075" dump="1594964621587"/><sessioninfo id="adarsh12345-PC-162062f9" start="1594964719881" dump="1594964720398"/><sessioninfo id="adarsh12345-PC-ba5a5c80" start="1594964726614" dump="1594964727101"/><sessioninfo id="adarsh12345-PC-aec05ee5" start="1595226568327" dump="1595226568941"/><sessioninfo id="adarsh12345-PC-63b2c0ec" start="1595226577742" dump="1595226578231"/><sessioninfo id="adarsh12345-PC-ff876462" start="1595308174247" dump="1595308174839"/><sessioninfo id="adarsh12345-PC-b25304e4" start="1595308182620" dump="1595308183188"/><sessioninfo id="adarsh12345-PC-673b4245" start="1595328500592" dump="1595328501452"/><sessioninfo id="adarsh12345-PC-a3c74f7a" start="1595328513946" dump="1595328514613"/><sessioninfo id="adarsh12345-PC-a8879784" start="1595329166733" dump="1595329167306"/><sessioninfo id="adarsh12345-PC-29d22d59" start="1595329175154" dump="1595329175905"/><sessioninfo id="adarsh12345-PC-230eb2f9" start="1595329207115" dump="1595329207977"/><sessioninfo id="adarsh12345-PC-c0859eca" start="1595329219225" dump="1595329219928"/><sessioninfo id="adarsh12345-PC-1c22d7e3" start="1595329257433" dump="1595329257947"/><sessioninfo id="adarsh12345-PC-51e0ee5a" start="1595329264963" dump="1595329265461"/><sessioninfo id="adarsh12345-PC-9670b3f1" start="1595329376782" dump="1595329377307"/><sessioninfo id="adarsh12345-PC-e5e9616" start="1595329383923" dump="1595329384492"/><sessioninfo id="adarsh12345-PC-21c1d85f" start="1595329680355" dump="1595329681105"/><sessioninfo id="adarsh12345-PC-b0d9e339" start="1595329687907" dump="1595329688406"/><package name="DemoCode"><class name="DemoCode/DemoClass" sourcefilename="DemoClass.java"><method name="&lt;init&gt;" desc="()V" line="3"><counter type="INSTRUCTION" missed="0" covered="3"/><counter type="LINE" missed="0" covered="1"/><counter type="COMPLEXITY" missed="0" covered="1"/><counter type="METHOD" missed="0" covered="1"/></method><method name="SetDeta" desc="(Ljava/lang/String;I)V" line="9"><counter type="INSTRUCTION" missed="0" covered="7"/><counter type="LINE" missed="0" covered="3"/><counter type="COMPLEXITY" missed="0" covered="1"/><counter type="METHOD" missed="0" covered="1"/></method><method name="display" desc="()V" line="14"><counter type="INSTRUCTION" missed="0" covered="16"/><counter type="LINE" missed="0" covered="2"/><counter type="COMPLEXITY" missed="0" covered="1"/><counter type="METHOD" missed="0" covered="1"/></method><method name="display_ssr" desc="()V" line="18"><counter type="INSTRUCTION" missed="0" covered="66"/><counter type="LINE" missed="0" covered="15"/><counter type="COMPLEXITY" missed="0" covered="1"/><counter type="METHOD" missed="0" covered="1"/></method><method name="display_ssr1" desc="()V" line="37"><counter type="INSTRUCTION" missed="0" covered="54"/><counter type="LINE" missed="0" covered="12"/><counter type="COMPLEXITY" missed="0" covered="1"/><counter type="METHOD" missed="0" covered="1"/></method><counter type="INSTRUCTION" missed="0" covered="146"/><counter type="LINE" missed="0" covered="33"/><counter type="COMPLEXITY" missed="0" covered="5"/><counter type="METHOD" missed="0" covered="5"/><counter type="CLASS" missed="0" covered="1"/></class><sourcefile name="DemoClass.java"><line nr="3" mi="0" ci="3" mb="0" cb="0"/><line nr="9" mi="0" ci="3" mb="0" cb="0"/><line nr="10" mi="0" ci="3" mb="0" cb="0"/><line nr="11" mi="0" ci="1" mb="0" cb="0"/><line nr="14" mi="0" ci="15" mb="0" cb="0"/><line nr="15" mi="0" ci="1" mb="0" cb="0"/><line nr="18" mi="0" ci="15" mb="0" cb="0"/><line nr="20" mi="0" ci="2" mb="0" cb="0"/><line nr="21" mi="0" ci="4" mb="0" cb="0"/><line nr="22" mi="0" ci="4" mb="0" cb="0"/><line nr="23" mi="0" ci="4" mb="0" cb="0"/><line nr="24" mi="0" ci="4" mb="0" cb="0"/><line nr="25" mi="0" ci="4" mb="0" cb="0"/><line nr="26" mi="0" ci="4" mb="0" cb="0"/><line nr="27" mi="0" ci="4" mb="0" cb="0"/><line nr="28" mi="0" ci="4" mb="0" cb="0"/><line nr="29" mi="0" ci="4" mb="0" cb="0"/><line nr="30" mi="0" ci="4" mb="0" cb="0"/><line nr="31" mi="0" ci="4" mb="0" cb="0"/><line nr="32" mi="0" ci="4" mb="0" cb="0"/><line nr="34" mi="0" ci="1" mb="0" cb="0"/><line nr="37" mi="0" ci="15" mb="0" cb="0"/><line nr="39" mi="0" ci="2" mb="0" cb="0"/><line nr="40" mi="0" ci="4" mb="0" cb="0"/><line nr="41" mi="0" ci="4" mb="0" cb="0"/><line nr="42" mi="0" ci="4" mb="0" cb="0"/><line nr="43" mi="0" ci="4" mb="0" cb="0"/><line nr="44" mi="0" ci="4" mb="0" cb="0"/><line nr="45" mi="0" ci="4" mb="0" cb="0"/><line nr="46" mi="0" ci="4" mb="0" cb="0"/><line nr="47" mi="0" ci="4" mb="0" cb="0"/><line nr="48" mi="0" ci="4" mb="0" cb="0"/><line nr="51" mi="0" ci="1" mb="0" cb="0"/><counter type="INSTRUCTION" missed="0" covered="146"/><counter type="LINE" missed="0" covered="33"/><counter type="COMPLEXITY" missed="0" covered="5"/><counter type="METHOD" missed="0" covered="5"/><counter type="CLASS" missed="0" covered="1"/></sourcefile><counter type="INSTRUCTION" missed="0" covered="146"/><counter type="LINE" missed="0" covered="33"/><counter type="COMPLEXITY" missed="0" covered="5"/><counter type="METHOD" missed="0" covered="5"/><counter type="CLASS" missed="0" covered="1"/></package><counter type="INSTRUCTION" missed="0" covered="146"/><counter type="LINE" missed="0" covered="33"/><counter type="COMPLEXITY" missed="0" covered="5"/><counter type="METHOD" missed="0" covered="5"/><counter type="CLASS" missed="0" covered="1"/></report>